TClass::TClass:0: RuntimeWarning: no dictionary for class pair<RooAbsArg*,TRefArray*> is available
TClass::TClass:0: RuntimeWarning: no dictionary for class pair<RooAbsArg*,TRefArray*> is available
TClass::TClass:0: RuntimeWarning: no dictionary for class pair<RooAbsArg*,TRefArray*> is available
TClass::TClass:0: RuntimeWarning: no dictionary for class pair<RooAbsArg*,TRefArray*> is available
TClass::TClass:0: RuntimeWarning: no dictionary for class pair<RooAbsArg*,TRefArray*> is available
TClass::TClass:0: RuntimeWarning: no dictionary for class pair<RooAbsArg*,TRefArray*> is available
TClass::TClass:0: RuntimeWarning: no dictionary for class pair<RooAbsArg*,TRefArray*> is available
TClass::TClass:0: RuntimeWarning: no dictionary for class pair<RooAbsArg*,TRefArray*> is available
TClass::TClass:0: RuntimeWarning: no dictionary for class pair<RooAbsArg*,TRefArray*> is available
TClass::TClass:0: RuntimeWarning: no dictionary for class pair<RooAbsArg*,TRefArray*> is available
Info in <TCanvas::Print>: png file xtest.png has been created
67421
0
10000
20000
30000
40000
50000
60000
41404
0
10000
20000
30000
40000
30635.0 1618.0
Info in <TCanvas::Print>: png file xtest.png has been created
87245
0
10000
20000
30000
40000
50000
60000
70000
80000
41120
0
10000
20000
30000
40000
41579.0 2628.0
Info in <TCanvas::Print>: png file xtest.png has been created
57594
0
10000
20000
30000
40000
50000
41586
0
10000
20000
30000
40000
26723.0 2149.0
Info in <TCanvas::Print>: png file xtest.png has been created
104572
0
10000
20000
30000
40000
50000
60000
70000
80000
90000
100000
41204
0
10000
20000
30000
40000
52628.0 3675.0
Info in <TCanvas::Print>: png file xtest.png has been created
96054
0
10000
20000
30000
40000
50000
60000
70000
80000
90000
41406
0
10000
20000
30000
40000
46793.0 3117.0
Info in <TCanvas::Print>: png file xtest.png has been created
119996
0
10000
20000
30000
40000
50000
60000
70000
80000
90000
100000
110000
41213
0
10000
20000
30000
40000
63003.0 5014.0
Info in <TCanvas::Print>: png file xtest.png has been created
126622
0
10000
20000
30000
40000
50000
60000
70000
80000
90000
100000
110000
120000
41416
0
10000
20000
30000
40000
68409.0 5647.0
Info in <TCanvas::Print>: png file xtest.png has been created
124467
0
10000
20000
30000
40000
50000
60000
70000
80000
90000
100000
110000
120000
41381
0
10000
20000
30000
40000
68474.0 6323.0
Info in <TCanvas::Print>: png file xtest.png has been created
143780
0
10000
20000
30000
40000
50000
60000
70000
80000
90000
100000
110000
120000
130000
140000
41283
0
10000
20000
30000
40000
81855.0 7439.0
Info in <TCanvas::Print>: png file xtest.png has been created
138944
0
10000
20000
30000
40000
50000
60000
70000
80000
90000
100000
110000
120000
130000
41375
0
10000
20000
30000
40000
78007.0 6833.0
